<?xml version="1.0" encoding="UTF-8"?>
<!-- Generated by org.testng.reporters.JUnitReportReporter -->
<testsuite hostname="MIZAN-HP-WIN" failures="0" tests="2" name="testCases.Leave_TestCase" time="5.539" errors="0" timestamp="2022-10-23T10:29:33 BDT" skipped="0">
  <testcase classname="testCases.Leave_TestCase" name="LoginOrangeHRM" time="2.553"/>
  <system-out/>
  <testcase classname="testCases.Leave_TestCase" name="OpenLeaveAndViewApplySubmenu" time="2.986"/>
  <system-out/>
</testsuite> <!-- testCases.Leave_TestCase -->
