<?xml version="1.0" encoding="UTF-8"?>
<!-- Generated by org.testng.reporters.JUnitReportReporter -->
<testsuite hostname="DESKTOP-0PTKDOP" failures="0" tests="3" name="demo_ExcelReadWrite.ExcelReadWrite" time="0.487" errors="0" timestamp="2021-10-16T20:24:36 BDT" skipped="0">
  <testcase classname="demo_ExcelReadWrite.ExcelReadWrite" name="Login" time="0.068"/>
  <system-out/>
  <testcase classname="demo_ExcelReadWrite.ExcelReadWrite" name="Login" time="0.333"/>
  <system-out/>
  <testcase classname="demo_ExcelReadWrite.ExcelReadWrite" name="Login" time="0.086"/>
  <system-out/>
</testsuite> <!-- demo_ExcelReadWrite.ExcelReadWrite -->
