<?xml version="1.0" encoding="UTF-8"?>
<!-- Generated by org.testng.reporters.JUnitReportReporter -->
<testsuite hostname="DESKTOP-0PTKDOP" failures="0" tests="1" name="demo_ExcelReadWrite.NewTest" time="0.000" errors="0" timestamp="2021-09-10T22:43:31 BDT" skipped="1">
  <testcase classname="demo_ExcelReadWrite.NewTest" name="TestCase2021" time="0.000">
    <skipped/>
  </testcase> <!-- TestCase2021 -->
  <system-out/>
</testsuite> <!-- demo_ExcelReadWrite.NewTest -->
